<?xml version="1.0" encoding="UTF-8"?>
<!-- Generated by org.testng.reporters.JUnitXMLReporter -->
<testsuite ignored="0" hostname="DESKTOP-5KB58OA" failures="0" tests="3" name="Default test" time="5.217" errors="0" timestamp="2024-08-09T18:40:10 IST">
  <testcase classname="files.DynamicJson" name="addBook" time="4.03"/>
  <testcase classname="files.DynamicJson" name="addBook" time="0.561"/>
  <testcase classname="files.DynamicJson" name="addBook" time="0.555"/>
</testsuite> <!-- Default test -->
