<?xml version="1.0" encoding="UTF-8"?>
<testng-results ignored="0" total="1" passed="1" failed="0" skipped="0">
  <reporter-output>
  </reporter-output>
  <suite started-at="2024-08-10T11:13:03 IST" name="Default suite" finished-at="2024-08-10T11:13:06 IST" duration-ms="3263">
    <groups>
    </groups>
    <test started-at="2024-08-10T11:13:03 IST" name="Default test" finished-at="2024-08-10T11:13:06 IST" duration-ms="3263">
      <class name="OAuth">
        <test-method signature="clientCredentialsOAuth()[pri:0, instance:OAuth@12468a38]" started-at="2024-08-10T11:13:03 IST" name="clientCredentialsOAuth" finished-at="2024-08-10T11:13:06 IST" duration-ms="3202" status="PASS">
          <reporter-output>
          </reporter-output>
        </test-method> <!-- clientCredentialsOAuth -->
      </class> <!-- OAuth -->
    </test> <!-- Default test -->
  </suite> <!-- Default suite -->
</testng-results>
